{"name": "test_AboutUs", "status": "failed", "statusDetails": {"message": "AssertionError", "trace": "self = <aboutus.AboutUsTest testMethod=test_AboutUs>\n\n    @pytest.mark.run(order=1)\n    def test_AboutUs(self):\n>       self.about.AboutUsAll()\n\ntests\\home\\aboutus.py:15: \n_ _ _ _ _ _ _ _ _ _ _ _ _ _ _ _ _ _ _ _ _ _ _ _ _ _ _ _ _ _ _ _ _ _ _ _ _ _ _ _\npages\\home\\aboutus.py:93: in AboutUsAll\n    self.stat.markFinal(\"Verify About Us All\", result10, \"Verify \")\n_ _ _ _ _ _ _ _ _ _ _ _ _ _ _ _ _ _ _ _ _ _ _ _ _ _ _ _ _ _ _ _ _ _ _ _ _ _ _ _\n\nself = <utilities.teststatus.Status object at 0x04903690>\ntestName = 'Verify About Us All', result = True, resultMessage = 'Verify '\n\n    def markFinal(self, testName, result, resultMessage):\n        \"\"\"\n        Mark the final result of the verification point in a test case\n        This needs to be called at least once in a test case\n        This should be final test status of the test case\n        \"\"\"\n        self.setResult(result, resultMessage)\n    \n        if \"FAIL\" in self.resultList:\n            self.log.error(testName + \" ### TEST FAILED\")\n            self.resultList.clear()\n>           assert True == False\nE           AssertionError\n\nutilities\\teststatus.py:67: AssertionError"}, "attachments": [{"name": "Verify More About Us", "source": "87539def-9c8b-4493-9578-bfa952a23a3b-attachment.png", "type": "image/png"}, {"name": "log", "source": "03b6c993-2dbb-4f71-950a-3f3c4b277066-attachment.txt", "type": "text/plain"}, {"name": "stdout", "source": "c5c5328a-2de3-4708-a0cf-db827a885cb7-attachment.txt", "type": "text/plain"}, {"name": "stderr", "source": "f6b59c8c-7133-4b40-8188-b73b3007c6d9-attachment.txt", "type": "text/plain"}], "start": 1547545041529, "stop": 1547545057860, "uuid": "343aa78d-107a-4534-a879-81913d6d7cb1", "historyId": "22a5fa0d2f22ffe540f7d068b4e773ad", "fullName": "tests.home.aboutus.AboutUsTest#test_AboutUs", "labels": [{"name": "parentSuite", "value": "tests.home"}, {"name": "suite", "value": "aboutus"}, {"name": "subSuite", "value": "AboutUsTest"}, {"name": "host", "value": "test11"}, {"name": "thread", "value": "12620-MainThread"}, {"name": "framework", "value": "pytest"}, {"name": "language", "value": "cpython3"}, {"name": "package", "value": "tests.home.aboutus"}]}